#
# A fatal error has been detected by the Java Runtime Environment:
#
#  EXCEPTION_ACCESS_VIOLATION (0xc0000005) at pc=0x00007ff95784741e, pid=7144, tid=4928
#
# JRE version: Java(TM) SE Runtime Environment (8.0_66-b18) (build 1.8.0_66-b18)
# Java VM: Java HotSpot(TM) 64-Bit Server VM (25.66-b18 mixed mode windows-amd64 compressed oops)
# Problematic frame:
# C  [opencv_core300.dll+0x16741e]
#
# Failed to write core dump. Minidumps are not enabled by default on client versions of Windows
#
# If you would like to submit a bug report, please visit:
#   http://bugreport.java.com/bugreport/crash.jsp
# The crash happened outside the Java Virtual Machine in native code.
# See problematic frame for where to report the bug.
#

---------------  T H R E A D  ---------------

Current thread (0x00000000020fe000):  JavaThread "main" [_thread_in_native, id=4928, stack(0x0000000002100000,0x0000000002200000)]

siginfo: ExceptionCode=0xc0000005, reading address 0x000000084c4d4159

Registers:
RAX=0x00000000021febc8, RBX=0x0000000000000000, RCX=0x000000084c4d4159, RDX=0x0000000000000000
RSP=0x00000000021feb50, RBP=0x00000000021fed00, RSI=0x00000000004b5490, RDI=0x0000000000000000
R8 =0x00007ff962fbd5b8, R9 =0x00000000ebeec580, R10=0x0000000000000006, R11=0x000000006f8d1258
R12=0x0000000000000001, R13=0x000000084c4d4159, R14=0x00007ff962fbd5b8, R15=0x0000000000000000
RIP=0x00007ff95784741e, EFLAGS=0x0000000000010206

Top of Stack: (sp=0x00000000021feb50)
0x00000000021feb50:   0000000000000000 0000000000000000
0x00000000021feb60:   0000000000000000 0000000000000000
0x00000000021feb70:   0000000000000000 cafebabecafebabe
0x00000000021feb80:   fffffffffffffffe cafebabecafebabe
0x00000000021feb90:   0000000000000000 0000000000000000
0x00000000021feba0:   0000000000000064 00000000004b5490
0x00000000021febb0:   00000000004b5680 00000000004b5490
0x00000000021febc0:   00000000021fed68 00007ff9578386ac
0x00000000021febd0:   00000000004b5680 00000000021fed00
0x00000000021febe0:   00000000004b5490 000000006f2e2c31
0x00000000021febf0:   00000000004b5680 00007ff962f87f5d
0x00000000021fec00:   0000000000000000 000000006f304083
0x00000000021fec10:   00000000023110e0 00000000021feec8
0x00000000021fec20:   0000000000000002 00000000020fe000
0x00000000021fec30:   000003e800000003 3e80000000000000
0x00000000021fec40:   00000000023110e0 00000000020fe000 

Instructions: (pc=0x00007ff95784741e)
0x00007ff9578473fe:   68 10 48 89 70 18 4d 8b f0 4c 8b fa 4c 8b e9 33
0x00007ff95784740e:   db 8b fb 44 8d 63 01 48 85 c9 0f 84 40 02 00 00
0x00007ff95784741e:   81 39 59 41 4d 4c 74 77 48 89 58 c0 48 89 58 c8
0x00007ff95784742e:   8d 53 1f 48 8d 48 c0 e8 56 3d 02 00 0f 10 05 97 


Register to memory mapping:

RAX=0x00000000021febc8 is pointing into the stack for thread: 0x00000000020fe000
RBX=0x0000000000000000 is an unknown value
RCX=0x000000084c4d4159 is an unknown value
RDX=0x0000000000000000 is an unknown value
RSP=0x00000000021feb50 is pointing into the stack for thread: 0x00000000020fe000
RBP=0x00000000021fed00 is pointing into the stack for thread: 0x00000000020fe000
RSI=0x00000000004b5490 is an unknown value
RDI=0x0000000000000000 is an unknown value
R8 =0x00007ff962fbd5b8 is an unknown value
R9 =0x00000000ebeec580 is an oop
org.bytedeco.javacpp.opencv_core$FileNode 
 - klass: 'org/bytedeco/javacpp/opencv_core$FileNode'
R10=0x0000000000000006 is an unknown value
R11=0x000000006f8d1258 is an unknown value
R12=0x0000000000000001 is an unknown value
R13=0x000000084c4d4159 is an unknown value
R14=0x00007ff962fbd5b8 is an unknown value
R15=0x0000000000000000 is an unknown value


Stack: [0x0000000002100000,0x0000000002200000],  sp=0x00000000021feb50,  free space=1018k
Native frames: (J=compiled Java code, j=interpreted, Vv=VM code, C=native code)
C  [opencv_core300.dll+0x16741e]
C  [opencv_core300.dll+0x1586ac]
C  [opencv_ml300.dll+0x67f5d]
C  [opencv_ml300.dll+0x674cf]
C  [jniopencv_core.dll+0x4843d]
C  0x0000000002315e34

Java frames: (J=compiled Java code, j=interpreted, Vv=VM code)
j  org.bytedeco.javacpp.opencv_core$Algorithm.read(Lorg/bytedeco/javacpp/opencv_core$FileNode;)V+0
j  org.cehci.harvic.module.camera.HOGPersonDetector.<init>()V+31
j  dev.cehci.harvic.module.input.ImageManager.<init>()V+20
j  dev.cehci.harvic.module.input.ImageManager.getInstance()Ldev/cehci/harvic/module/input/ImageManager;+10
j  org.cehci.harvic.Driver.<init>()V+12
j  org.cehci.harvic.Driver.main([Ljava/lang/String;)V+10
v  ~StubRoutines::call_stub

---------------  P R O C E S S  ---------------

Java Threads: ( => current thread )
  0x00000000169b1800 JavaThread "AWT-Windows" daemon [_thread_in_native, id=2356, stack(0x0000000017330000,0x0000000017430000)]
  0x00000000169aa800 JavaThread "Java2D Disposer" daemon [_thread_blocked, id=5052, stack(0x0000000017130000,0x0000000017230000)]
  0x000000001496d800 JavaThread "Service Thread" daemon [_thread_blocked, id=4696, stack(0x0000000016650000,0x0000000016750000)]
  0x0000000014919000 JavaThread "C1 CompilerThread2" daemon [_thread_blocked, id=4120, stack(0x0000000016150000,0x0000000016250000)]
  0x0000000014910800 JavaThread "C2 CompilerThread1" daemon [_thread_blocked, id=3616, stack(0x0000000016050000,0x0000000016150000)]
  0x000000001490d800 JavaThread "C2 CompilerThread0" daemon [_thread_blocked, id=3916, stack(0x0000000015f50000,0x0000000016050000)]
  0x000000001490c000 JavaThread "Attach Listener" daemon [_thread_blocked, id=7028, stack(0x0000000015e50000,0x0000000015f50000)]
  0x000000001490b000 JavaThread "Signal Dispatcher" daemon [_thread_blocked, id=7660, stack(0x0000000015d50000,0x0000000015e50000)]
  0x00000000022f6800 JavaThread "Finalizer" daemon [_thread_blocked, id=1388, stack(0x0000000015b70000,0x0000000015c70000)]
  0x00000000022ee000 JavaThread "Reference Handler" daemon [_thread_blocked, id=1628, stack(0x0000000015a70000,0x0000000015b70000)]
=>0x00000000020fe000 JavaThread "main" [_thread_in_native, id=4928, stack(0x0000000002100000,0x0000000002200000)]

Other Threads:
  0x00000000148d7000 VMThread [stack: 0x0000000015970000,0x0000000015a70000] [id=5948]
  0x0000000016292000 WatcherThread [stack: 0x0000000016750000,0x0000000016850000] [id=2044]

VM state:not at safepoint (normal execution)

VM Mutex/Monitor currently owned by a thread: None

Heap:
 PSYoungGen      total 18944K, used 13834K [0x00000000eb180000, 0x00000000ec680000, 0x0000000100000000)
  eden space 16384K, 84% used [0x00000000eb180000,0x00000000ebf028e0,0x00000000ec180000)
  from space 2560K, 0% used [0x00000000ec400000,0x00000000ec400000,0x00000000ec680000)
  to   space 2560K, 0% used [0x00000000ec180000,0x00000000ec180000,0x00000000ec400000)
 ParOldGen       total 44032K, used 0K [0x00000000c1400000, 0x00000000c3f00000, 0x00000000eb180000)
  object space 44032K, 0% used [0x00000000c1400000,0x00000000c1400000,0x00000000c3f00000)
 Metaspace       used 8422K, capacity 8540K, committed 8832K, reserved 1056768K
  class space    used 989K, capacity 1058K, committed 1152K, reserved 1048576K

Card table byte_map: [0x00000000116c0000,0x00000000118c0000] byte_map_base: 0x00000000110b6000

Marking Bits: (ParMarkBitMap*) 0x000000006f8da5b0
 Begin Bits: [0x0000000011e10000, 0x0000000012dc0000)
 End Bits:   [0x0000000012dc0000, 0x0000000013d70000)

Polling page: 0x0000000000400000

CodeCache: size=245760Kb used=2576Kb max_used=2580Kb free=243183Kb
 bounds [0x0000000002300000, 0x0000000002590000, 0x0000000011300000]
 total_blobs=988 nmethods=596 adapters=305
 compilation: enabled

Compilation events (10 events):
Event: 1.587 Thread 0x0000000014919000  592       3       sun.reflect.generics.parser.SignatureParser::parseIdentifier (115 bytes)
Event: 1.588 Thread 0x0000000014919000 nmethod 592 0x0000000002567d50 code [0x0000000002567fa0, 0x0000000002568c38]
Event: 1.588 Thread 0x0000000014919000  594       3       java.net.URI$Parser::checkChars (44 bytes)
Event: 1.589 Thread 0x0000000014919000 nmethod 594 0x0000000002578cd0 code [0x0000000002578ec0, 0x00000000025797e8]
Event: 1.589 Thread 0x0000000014919000  595       3       java.net.URI$Parser::substring (10 bytes)
Event: 1.589 Thread 0x0000000014919000 nmethod 595 0x0000000002567910 code [0x0000000002567a80, 0x0000000002567c88]
Event: 1.589 Thread 0x0000000014919000  596       3       java.util.ArrayList::isEmpty (13 bytes)
Event: 1.589 Thread 0x0000000014919000 nmethod 596 0x0000000002567590 code [0x00000000025676e0, 0x0000000002567890]
Event: 1.589 Thread 0x0000000014919000  593       1       java.util.HashMap::size (5 bytes)
Event: 1.589 Thread 0x0000000014919000 nmethod 593 0x00000000025672d0 code [0x0000000002567420, 0x0000000002567530]

GC Heap History (0 events):
No events

Deoptimization events (0 events):
No events

Internal exceptions (10 events):
Event: 0.186 Thread 0x00000000020fe000 Exception <a 'java/security/PrivilegedActionException'> (0x00000000eb40b410) thrown at [C:\re\workspace\8-2-build-windows-amd64-cygwin\jdk8u66\5298\hotspot\src\share\vm\prims\jvm.cpp, line 1386]
Event: 0.186 Thread 0x00000000020fe000 Exception <a 'java/security/PrivilegedActionException'> (0x00000000eb40b620) thrown at [C:\re\workspace\8-2-build-windows-amd64-cygwin\jdk8u66\5298\hotspot\src\share\vm\prims\jvm.cpp, line 1386]
Event: 0.186 Thread 0x00000000020fe000 Exception <a 'java/security/PrivilegedActionException'> (0x00000000eb40cba0) thrown at [C:\re\workspace\8-2-build-windows-amd64-cygwin\jdk8u66\5298\hotspot\src\share\vm\prims\jvm.cpp, line 1386]
Event: 0.186 Thread 0x00000000020fe000 Exception <a 'java/security/PrivilegedActionException'> (0x00000000eb40cdb0) thrown at [C:\re\workspace\8-2-build-windows-amd64-cygwin\jdk8u66\5298\hotspot\src\share\vm\prims\jvm.cpp, line 1386]
Event: 0.186 Thread 0x00000000020fe000 Exception <a 'java/security/PrivilegedActionException'> (0x00000000eb40e2b0) thrown at [C:\re\workspace\8-2-build-windows-amd64-cygwin\jdk8u66\5298\hotspot\src\share\vm\prims\jvm.cpp, line 1386]
Event: 0.186 Thread 0x00000000020fe000 Exception <a 'java/security/PrivilegedActionException'> (0x00000000eb40e4c0) thrown at [C:\re\workspace\8-2-build-windows-amd64-cygwin\jdk8u66\5298\hotspot\src\share\vm\prims\jvm.cpp, line 1386]
Event: 0.191 Thread 0x00000000020fe000 Exception <a 'java/io/FileNotFoundException'> (0x00000000eb41b910) thrown at [C:\re\workspace\8-2-build-windows-amd64-cygwin\jdk8u66\5298\hotspot\src\share\vm\prims\jni.cpp, line 709]
Event: 0.239 Thread 0x00000000020fe000 Exception <a 'java/lang/NoSuchFieldError': method resolution failed> (0x00000000eb4e9500) thrown at [C:\re\workspace\8-2-build-windows-amd64-cygwin\jdk8u66\5298\hotspot\src\share\vm\prims\methodHandles.cpp, line 1146]
Event: 0.242 Thread 0x00000000020fe000 Exception <a 'java/lang/NoSuchFieldError': method resolution failed> (0x00000000eb4f68d0) thrown at [C:\re\workspace\8-2-build-windows-amd64-cygwin\jdk8u66\5298\hotspot\src\share\vm\prims\methodHandles.cpp, line 1146]
Event: 0.322 Thread 0x00000000020fe000 Exception <a 'java/io/FileNotFoundException'> (0x00000000eb5a8808) thrown at [C:\re\workspace\8-2-build-windows-amd64-cygwin\jdk8u66\5298\hotspot\src\share\vm\prims\jni.cpp, line 709]

Events (10 events):
Event: 1.583 loading class org/bytedeco/javacpp/opencv_ml$DTrees$Node
Event: 1.583 loading class org/bytedeco/javacpp/opencv_ml$DTrees$Node done
Event: 1.584 loading class org/bytedeco/javacpp/opencv_ml$ParamGrid
Event: 1.584 loading class org/bytedeco/javacpp/opencv_ml$ParamGrid done
Event: 1.584 loading class org/bytedeco/javacpp/opencv_ml$TrainData
Event: 1.584 loading class org/bytedeco/javacpp/opencv_ml$TrainData done
Event: 1.654 loading class org/bytedeco/javacpp/helper/opencv_core$AbstractCvFileStorage$ReleaseDeallocator
Event: 1.654 loading class org/bytedeco/javacpp/helper/opencv_core$AbstractCvFileStorage$ReleaseDeallocator done
Event: 1.655 loading class org/bytedeco/javacpp/Pointer$1
Event: 1.655 loading class org/bytedeco/javacpp/Pointer$1 done


Dynamic libraries:
0x00007ff653ca0000 - 0x00007ff653cd7000 	C:\Program Files\Java\jre1.8.0_66\bin\javaw.exe
0x00007ff97bed0000 - 0x00007ff97c091000 	C:\WINDOWS\SYSTEM32\ntdll.dll
0x00007ff97a8a0000 - 0x00007ff97a94d000 	C:\WINDOWS\system32\KERNEL32.DLL
0x00007ff978f30000 - 0x00007ff979118000 	C:\WINDOWS\system32\KERNELBASE.dll
0x00007ff97a2f0000 - 0x00007ff97a397000 	C:\WINDOWS\system32\ADVAPI32.dll
0x00007ff979440000 - 0x00007ff9794dd000 	C:\WINDOWS\system32\msvcrt.dll
0x00007ff979b20000 - 0x00007ff979b7b000 	C:\WINDOWS\system32\sechost.dll
0x00007ff97a600000 - 0x00007ff97a71c000 	C:\WINDOWS\system32\RPCRT4.dll
0x00007ff9792d0000 - 0x00007ff979426000 	C:\WINDOWS\system32\USER32.dll
0x00007ff97a470000 - 0x00007ff97a5f6000 	C:\WINDOWS\system32\GDI32.dll
0x00007ff971da0000 - 0x00007ff972014000 	C:\WINDOWS\WinSxS\amd64_microsoft.windows.common-controls_6595b64144ccf1df_6.0.10586.0_none_8c15ae12515e1c22\COMCTL32.dll
0x00007ff9798a0000 - 0x00007ff979b1d000 	C:\WINDOWS\system32\combase.dll
0x00007ff979260000 - 0x00007ff9792ca000 	C:\WINDOWS\system32\bcryptPrimitives.dll
0x00007ff97a720000 - 0x00007ff97a75b000 	C:\WINDOWS\system32\IMM32.DLL
0x000000006fe10000 - 0x000000006fee2000 	C:\Program Files\Java\jre1.8.0_66\bin\msvcr100.dll
0x000000006f0d0000 - 0x000000006f959000 	C:\Program Files\Java\jre1.8.0_66\bin\server\jvm.dll
0x00007ff97bec0000 - 0x00007ff97bec8000 	C:\WINDOWS\system32\PSAPI.DLL
0x00007ff969020000 - 0x00007ff969029000 	C:\WINDOWS\SYSTEM32\WSOCK32.dll
0x00007ff976bf0000 - 0x00007ff976c13000 	C:\WINDOWS\SYSTEM32\WINMM.dll
0x00007ff97a830000 - 0x00007ff97a89b000 	C:\WINDOWS\system32\WS2_32.dll
0x00007ff974220000 - 0x00007ff97422a000 	C:\WINDOWS\SYSTEM32\VERSION.dll
0x00007ff976b90000 - 0x00007ff976bbc000 	C:\WINDOWS\SYSTEM32\WINMMBASE.dll
0x00007ff978ee0000 - 0x00007ff978f23000 	C:\WINDOWS\system32\cfgmgr32.dll
0x000000006efe0000 - 0x000000006efef000 	C:\Program Files\Java\jre1.8.0_66\bin\verify.dll
0x000000006efb0000 - 0x000000006efd9000 	C:\Program Files\Java\jre1.8.0_66\bin\java.dll
0x000000006ef90000 - 0x000000006efa6000 	C:\Program Files\Java\jre1.8.0_66\bin\zip.dll
0x00007ff97a960000 - 0x00007ff97bebf000 	C:\WINDOWS\system32\SHELL32.dll
0x00007ff978630000 - 0x00007ff978c74000 	C:\WINDOWS\system32\windows.storage.dll
0x00007ff979d10000 - 0x00007ff979d62000 	C:\WINDOWS\system32\shlwapi.dll
0x00007ff978540000 - 0x00007ff97854f000 	C:\WINDOWS\system32\kernel.appcore.dll
0x00007ff9791a0000 - 0x00007ff979255000 	C:\WINDOWS\system32\shcore.dll
0x00007ff9784f0000 - 0x00007ff97853b000 	C:\WINDOWS\system32\powrprof.dll
0x00007ff978560000 - 0x00007ff978574000 	C:\WINDOWS\system32\profapi.dll
0x000000006e980000 - 0x000000006eb18000 	C:\Program Files\Java\jre1.8.0_66\bin\awt.dll
0x00007ff97a760000 - 0x00007ff97a821000 	C:\WINDOWS\system32\OLEAUT32.dll
0x00007ff976c50000 - 0x00007ff976cc9000 	C:\WINDOWS\system32\apphelp.dll
0x00007ff976dc0000 - 0x00007ff976e56000 	C:\WINDOWS\system32\uxtheme.dll
0x00007ff979740000 - 0x00007ff97989a000 	C:\WINDOWS\system32\MSCTF.dll
0x00007ff962ba0000 - 0x00007ff962c43000 	C:\Program Files\Common Files\microsoft shared\ink\tiptsf.dll
0x00007ff975700000 - 0x00007ff975722000 	C:\WINDOWS\system32\dwmapi.dll
0x00007ff979d70000 - 0x00007ff979eb3000 	C:\WINDOWS\system32\ole32.dll
0x00007ff963630000 - 0x00007ff96371f000 	C:\Users\jraqu\AppData\Local\Temp\javacpp11706375934833\msvcr120.dll
0x00007ff9633e0000 - 0x00007ff963486000 	C:\Users\jraqu\AppData\Local\Temp\javacpp11706375934833\msvcp120.dll
0x00007ff9576e0000 - 0x00007ff957961000 	C:\Users\jraqu\AppData\Local\Temp\javacpp11706375934833\opencv_core300.dll
0x00007ff9565d0000 - 0x00007ff95694f000 	C:\Users\jraqu\AppData\Local\Temp\javacpp11706375934833\opencv_imgproc300.dll
0x00007ff960910000 - 0x00007ff960ac8000 	C:\Users\jraqu\AppData\Local\Temp\javacpp11706375934833\jniopencv_core.dll
0x00007ff962f20000 - 0x00007ff962ff0000 	C:\Users\jraqu\AppData\Local\Temp\javacpp11706375934833\opencv_ml300.dll
0x00007ff976b60000 - 0x00007ff976b8f000 	C:\Users\jraqu\AppData\Local\Temp\javacpp11706375934833\jniopencv_ml.dll
0x00007ff9561b0000 - 0x00007ff95633c000 	C:\WINDOWS\SYSTEM32\dbghelp.dll

VM Arguments:
jvm_args: -Djava.library.path=C:\opencv\opencv 3.1.0\build\java\x64 -Dfile.encoding=UTF-8 
java_command: org.cehci.harvic.Driver
java_class_path (initial): C:\Users\jraqu\workspace\HARVIC\target\classes;C:\Users\jraqu\.m2\repository\com\github\sarxos\webcam-capture\0.3.10\webcam-capture-0.3.10.jar;C:\Users\jraqu\.m2\repository\com\nativelibs4java\bridj\0.6.2\bridj-0.6.2.jar;C:\Users\jraqu\.m2\repository\org\slf4j\slf4j-api\1.7.2\slf4j-api-1.7.2.jar;C:\Users\jraqu\.m2\repository\org\slf4j\slf4j-log4j12\1.7.12\slf4j-log4j12-1.7.12.jar;C:\Users\jraqu\.m2\repository\log4j\log4j\1.2.17\log4j-1.2.17.jar;C:\Users\jraqu\.m2\repository\org\bytedeco\javacv\1.1\javacv-1.1.jar;C:\Users\jraqu\.m2\repository\org\bytedeco\javacpp\1.1\javacpp-1.1.jar;C:\Users\jraqu\.m2\repository\org\bytedeco\javacpp-presets\opencv\3.0.0-1.1\opencv-3.0.0-1.1.jar;C:\Users\jraqu\.m2\repository\org\bytedeco\javacpp-presets\opencv\3.0.0-1.1\opencv-3.0.0-1.1-windows-x86_64.jar;C:\Users\jraqu\.m2\repository\org\bytedeco\javacpp-presets\ffmpeg\2.8.1-1.1\ffmpeg-2.8.1-1.1.jar;C:\Users\jraqu\.m2\repository\org\bytedeco\javacpp-presets\ffmpeg\2.8.1-1.1\ffmpeg-2.8.1-1.1-windows-x86_64.jar;C:\Users\jraqu\.m2\repository\org\bytedeco\javacpp-presets\flycapture\2.8.3.1-1.1\flycapture-2.8.3.1-1.1.jar;C:\Users\jraqu\.m2\repository\org\bytedeco\javacpp-presets\flycapture\2.8.3.1-1.1\flycapture-2.8.3.1-1.1-windows-x86_64.jar;C:\Users\jraqu\.m2\repository\org\bytedeco\javacpp-presets\libdc1394\2.2.3-1.1\libdc1394-2.2.3-1.1.jar;C:\Users\jraqu\.m2\repository\org\bytedeco\javacpp-presets\libdc1394\2.2.3-1.1\libdc1394-2.2.3-1.1-windows-x86_64.jar;C:\Users\jraqu\.m2\repository\org\bytedeco\javacpp-presets\libfreenect\0.5.3-1.1\libfreenect-0.5.3-1.1.jar;C:\Users\jraqu\.m2\repository\org\bytedeco\javacpp-presets\libfreenect\0.5.3-1.1\libfreenect-0.5.3-1.1-windows-x86_64.jar;C:\Users\jraqu\.m2\repository\org\bytedeco\javacpp-presets\videoinput\0.200-1.1\videoinput-0.200-1.1.jar;C:\Users\jraqu\.m2\repository\org\bytedeco\javacpp-presets\videoinput\0.200-1.1\videoinput-0.200-1.1-windows-x86_64.jar;C:\Users\jraqu\.m2\repository\org\bytedeco\javacpp-prese
Launcher Type: SUN_STANDARD

Environment Variables:
JAVA_HOME=C:\Program Files\Java\jdk1.8.0_51
PATH=C:/Program Files/Java/jre1.8.0_66/bin/server;C:/Program Files/Java/jre1.8.0_66/bin;C:/Program Files/Java/jre1.8.0_66/lib/amd64;C:\Program Files (x86)\NVIDIA Corporation\PhysX\Common;C:\ProgramData\Oracle\Java\javapath;C:\WINDOWS\system32;C:\WINDOWS;C:\WINDOWS\System32\Wbem;C:\WINDOWS\System32\WindowsPowerShell\v1.0\;C:\Program Files\Java\jdk1.8.0_51\bin;C:\Program Files\Git\cmd;C:\Users\jraqu\Apache\Maven\apache-maven-3.3.3\bin;C:\Program Files\Git\usr\bin;C:\xampp\php;C:\ProgramData\ComposerSetup\bin;C:\Users\jraqu\AppData\Roaming\Composer\vendor\bin;C:\Program Files\nodejs\;C:\Program Files\Addinsoft\XLSTAT;C:\Program Files (x86)\OpenVPN\bin;C:\Ruby193\bin;C:\Users\jraqu\AppData\Roaming\npm;C:\Users\jraqu\Eclipse;
USERNAME=jraqu
OS=Windows_NT
PROCESSOR_IDENTIFIER=Intel64 Family 6 Model 69 Stepping 1, GenuineIntel



---------------  S Y S T E M  ---------------

OS: Windows 10.0 , 64 bit Build 10586 (10.0.10586.0)

CPU:total 4 (2 cores per cpu, 2 threads per core) family 6 model 69 stepping 1, cmov, cx8, fxsr, mmx, sse, sse2, sse3, ssse3, sse4.1, sse4.2, popcnt, avx, avx2, aes, clmul, erms, lzcnt, ht, tsc, tscinvbit, bmi1, bmi2

Memory: 4k page, physical 4104472k(771340k free), swap 5284120k(608024k free)

vm_info: Java HotSpot(TM) 64-Bit Server VM (25.66-b18) for windows-amd64 JRE (1.8.0_66-b18), built on Nov  9 2015 10:51:13 by "java_re" with MS VC++ 10.0 (VS2010)

time: Wed Jan 13 14:04:34 2016
elapsed time: 1 seconds (0d 0h 0m 1s)

