#
# A fatal error has been detected by the Java Runtime Environment:
#
#  EXCEPTION_ACCESS_VIOLATION (0xc0000005) at pc=0x00007ff95bda741e, pid=3192, tid=4556
#
# JRE version: Java(TM) SE Runtime Environment (8.0_66-b18) (build 1.8.0_66-b18)
# Java VM: Java HotSpot(TM) 64-Bit Server VM (25.66-b18 mixed mode windows-amd64 compressed oops)
# Problematic frame:
# C  [opencv_core300.dll+0x16741e]
#
# Failed to write core dump. Minidumps are not enabled by default on client versions of Windows
#
# If you would like to submit a bug report, please visit:
#   http://bugreport.java.com/bugreport/crash.jsp
# The crash happened outside the Java Virtual Machine in native code.
# See problematic frame for where to report the bug.
#

---------------  T H R E A D  ---------------

Current thread (0x000000000215e000):  JavaThread "main" [_thread_in_native, id=4556, stack(0x0000000002230000,0x0000000002330000)]

siginfo: ExceptionCode=0xc0000005, reading address 0x000000084c4d4159

Registers:
RAX=0x000000000232ec28, RBX=0x0000000000000000, RCX=0x000000084c4d4159, RDX=0x0000000000000000
RSP=0x000000000232ebb0, RBP=0x000000000232ed60, RSI=0x0000000000554aa0, RDI=0x0000000000000000
R8 =0x00007ff962fbd5b8, R9 =0x00000000ebeeda90, R10=0x0000000000000006, R11=0x000000006f8d1258
R12=0x0000000000000001, R13=0x000000084c4d4159, R14=0x00007ff962fbd5b8, R15=0x0000000000000000
RIP=0x00007ff95bda741e, EFLAGS=0x0000000000010206

Top of Stack: (sp=0x000000000232ebb0)
0x000000000232ebb0:   0000000000000000 0000000000000000
0x000000000232ebc0:   0000000000000000 0000000000000000
0x000000000232ebd0:   0000000000000000 cafebabecafebabe
0x000000000232ebe0:   fffffffffffffffe cafebabecafebabe
0x000000000232ebf0:   0000000000000000 0000000000000000
0x000000000232ec00:   0000000000000064 0000000000554aa0
0x000000000232ec10:   0000000000554c90 0000000000554aa0
0x000000000232ec20:   000000000232edc8 00007ff95bd986ac
0x000000000232ec30:   0000000000554c90 000000000232ed60
0x000000000232ec40:   0000000000554aa0 000000006f2e2c31
0x000000000232ec50:   0000000000554c90 00007ff962f87f5d
0x000000000232ec60:   0000000000000000 000000006f304083
0x000000000232ec70:   00000000024410e0 000000000232ef28
0x000000000232ec80:   0000000000000002 000000000215e000
0x000000000232ec90:   000003e800000003 3e80000000000000
0x000000000232eca0:   00000000024410e0 000000000215e000 

Instructions: (pc=0x00007ff95bda741e)
0x00007ff95bda73fe:   68 10 48 89 70 18 4d 8b f0 4c 8b fa 4c 8b e9 33
0x00007ff95bda740e:   db 8b fb 44 8d 63 01 48 85 c9 0f 84 40 02 00 00
0x00007ff95bda741e:   81 39 59 41 4d 4c 74 77 48 89 58 c0 48 89 58 c8
0x00007ff95bda742e:   8d 53 1f 48 8d 48 c0 e8 56 3d 02 00 0f 10 05 97 


Register to memory mapping:

RAX=0x000000000232ec28 is pointing into the stack for thread: 0x000000000215e000
RBX=0x0000000000000000 is an unknown value
RCX=0x000000084c4d4159 is an unknown value
RDX=0x0000000000000000 is an unknown value
RSP=0x000000000232ebb0 is pointing into the stack for thread: 0x000000000215e000
RBP=0x000000000232ed60 is pointing into the stack for thread: 0x000000000215e000
RSI=0x0000000000554aa0 is an unknown value
RDI=0x0000000000000000 is an unknown value
R8 =0x00007ff962fbd5b8 is an unknown value
R9 =0x00000000ebeeda90 is an oop
org.bytedeco.javacpp.opencv_core$FileNode 
 - klass: 'org/bytedeco/javacpp/opencv_core$FileNode'
R10=0x0000000000000006 is an unknown value
R11=0x000000006f8d1258 is an unknown value
R12=0x0000000000000001 is an unknown value
R13=0x000000084c4d4159 is an unknown value
R14=0x00007ff962fbd5b8 is an unknown value
R15=0x0000000000000000 is an unknown value


Stack: [0x0000000002230000,0x0000000002330000],  sp=0x000000000232ebb0,  free space=1018k
Native frames: (J=compiled Java code, j=interpreted, Vv=VM code, C=native code)
C  [opencv_core300.dll+0x16741e]
C  [opencv_core300.dll+0x1586ac]
C  [opencv_ml300.dll+0x67f5d]
C  [opencv_ml300.dll+0x674cf]
C  [jniopencv_core.dll+0x4843d]
C  0x0000000002445e34

Java frames: (J=compiled Java code, j=interpreted, Vv=VM code)
j  org.bytedeco.javacpp.opencv_core$Algorithm.read(Lorg/bytedeco/javacpp/opencv_core$FileNode;)V+0
j  org.cehci.harvic.module.camera.HOGPersonDetector.<init>()V+31
j  dev.cehci.harvic.module.input.ImageManager.<init>()V+20
j  dev.cehci.harvic.module.input.ImageManager.getInstance()Ldev/cehci/harvic/module/input/ImageManager;+10
j  org.cehci.harvic.Driver.<init>()V+12
j  org.cehci.harvic.Driver.main([Ljava/lang/String;)V+10
v  ~StubRoutines::call_stub

---------------  P R O C E S S  ---------------

Java Threads: ( => current thread )
  0x0000000016aed800 JavaThread "AWT-Windows" daemon [_thread_in_native, id=6416, stack(0x0000000017450000,0x0000000017550000)]
  0x0000000016aea000 JavaThread "Java2D Disposer" daemon [_thread_blocked, id=1488, stack(0x0000000017250000,0x0000000017350000)]
  0x0000000014a9e800 JavaThread "Service Thread" daemon [_thread_blocked, id=8144, stack(0x0000000016770000,0x0000000016870000)]
  0x0000000014a43800 JavaThread "C1 CompilerThread2" daemon [_thread_blocked, id=8100, stack(0x0000000016270000,0x0000000016370000)]
  0x0000000014a47800 JavaThread "C2 CompilerThread1" daemon [_thread_blocked, id=2436, stack(0x0000000016170000,0x0000000016270000)]
  0x0000000014a3f000 JavaThread "C2 CompilerThread0" daemon [_thread_blocked, id=4640, stack(0x0000000016070000,0x0000000016170000)]
  0x0000000014a3d800 JavaThread "Attach Listener" daemon [_thread_blocked, id=7836, stack(0x0000000015f70000,0x0000000016070000)]
  0x0000000014a3c000 JavaThread "Signal Dispatcher" daemon [_thread_blocked, id=6032, stack(0x0000000015e70000,0x0000000015f70000)]
  0x0000000002428000 JavaThread "Finalizer" daemon [_thread_blocked, id=200, stack(0x0000000015c90000,0x0000000015d90000)]
  0x000000000241e000 JavaThread "Reference Handler" daemon [_thread_blocked, id=7880, stack(0x0000000015b90000,0x0000000015c90000)]
=>0x000000000215e000 JavaThread "main" [_thread_in_native, id=4556, stack(0x0000000002230000,0x0000000002330000)]

Other Threads:
  0x0000000014a07800 VMThread [stack: 0x0000000015a90000,0x0000000015b90000] [id=8164]
  0x00000000163de000 WatcherThread [stack: 0x0000000016870000,0x0000000016970000] [id=7204]

VM state:not at safepoint (normal execution)

VM Mutex/Monitor currently owned by a thread: None

Heap:
 PSYoungGen      total 18944K, used 13943K [0x00000000eb180000, 0x00000000ec680000, 0x0000000100000000)
  eden space 16384K, 85% used [0x00000000eb180000,0x00000000ebf1de58,0x00000000ec180000)
  from space 2560K, 0% used [0x00000000ec400000,0x00000000ec400000,0x00000000ec680000)
  to   space 2560K, 0% used [0x00000000ec180000,0x00000000ec180000,0x00000000ec400000)
 ParOldGen       total 44032K, used 0K [0x00000000c1400000, 0x00000000c3f00000, 0x00000000eb180000)
  object space 44032K, 0% used [0x00000000c1400000,0x00000000c1400000,0x00000000c3f00000)
 Metaspace       used 8423K, capacity 8592K, committed 8832K, reserved 1056768K
  class space    used 989K, capacity 1058K, committed 1152K, reserved 1048576K

Card table byte_map: [0x00000000117f0000,0x00000000119f0000] byte_map_base: 0x00000000111e6000

Marking Bits: (ParMarkBitMap*) 0x000000006f8da5b0
 Begin Bits: [0x0000000011f40000, 0x0000000012ef0000)
 End Bits:   [0x0000000012ef0000, 0x0000000013ea0000)

Polling page: 0x00000000001f0000

CodeCache: size=245760Kb used=2564Kb max_used=2564Kb free=243195Kb
 bounds [0x0000000002430000, 0x00000000026c0000, 0x0000000011430000]
 total_blobs=988 nmethods=596 adapters=305
 compilation: enabled

Compilation events (10 events):
Event: 1.406 Thread 0x0000000014a43800  592       3       java.lang.ClassLoader::addClass (9 bytes)
Event: 1.406 Thread 0x0000000014a43800 nmethod 592 0x000000000269f750 code [0x000000000269f8c0, 0x000000000269fac8]
Event: 1.407 Thread 0x0000000014a43800  593       3       java.net.URI::quote (208 bytes)
Event: 1.409 Thread 0x0000000014a43800 nmethod 593 0x00000000026afe50 code [0x00000000026b01a0, 0x00000000026b2548]
Event: 1.409 Thread 0x0000000014a43800  594       3       sun.reflect.generics.parser.SignatureParser::parseIdentifier (115 bytes)
Event: 1.410 Thread 0x0000000014a43800 nmethod 594 0x000000000269e1d0 code [0x000000000269e420, 0x000000000269f0b8]
Event: 1.410 Thread 0x0000000014a43800  595       1       java.util.HashMap::size (5 bytes)
Event: 1.410 Thread 0x0000000014a43800 nmethod 595 0x000000000269df10 code [0x000000000269e060, 0x000000000269e170]
Event: 1.410 Thread 0x0000000014a43800  596       1       java.util.Arrays$ArrayList::get (7 bytes)
Event: 1.411 Thread 0x0000000014a43800 nmethod 596 0x000000000269dbd0 code [0x000000000269dd20, 0x000000000269de50]

GC Heap History (0 events):
No events

Deoptimization events (0 events):
No events

Internal exceptions (10 events):
Event: 0.163 Thread 0x000000000215e000 Exception <a 'java/security/PrivilegedActionException'> (0x00000000eb40c0e8) thrown at [C:\re\workspace\8-2-build-windows-amd64-cygwin\jdk8u66\5298\hotspot\src\share\vm\prims\jvm.cpp, line 1386]
Event: 0.163 Thread 0x000000000215e000 Exception <a 'java/security/PrivilegedActionException'> (0x00000000eb40c2f8) thrown at [C:\re\workspace\8-2-build-windows-amd64-cygwin\jdk8u66\5298\hotspot\src\share\vm\prims\jvm.cpp, line 1386]
Event: 0.163 Thread 0x000000000215e000 Exception <a 'java/security/PrivilegedActionException'> (0x00000000eb40d878) thrown at [C:\re\workspace\8-2-build-windows-amd64-cygwin\jdk8u66\5298\hotspot\src\share\vm\prims\jvm.cpp, line 1386]
Event: 0.163 Thread 0x000000000215e000 Exception <a 'java/security/PrivilegedActionException'> (0x00000000eb40da88) thrown at [C:\re\workspace\8-2-build-windows-amd64-cygwin\jdk8u66\5298\hotspot\src\share\vm\prims\jvm.cpp, line 1386]
Event: 0.163 Thread 0x000000000215e000 Exception <a 'java/security/PrivilegedActionException'> (0x00000000eb40ef88) thrown at [C:\re\workspace\8-2-build-windows-amd64-cygwin\jdk8u66\5298\hotspot\src\share\vm\prims\jvm.cpp, line 1386]
Event: 0.163 Thread 0x000000000215e000 Exception <a 'java/security/PrivilegedActionException'> (0x00000000eb40f198) thrown at [C:\re\workspace\8-2-build-windows-amd64-cygwin\jdk8u66\5298\hotspot\src\share\vm\prims\jvm.cpp, line 1386]
Event: 0.167 Thread 0x000000000215e000 Exception <a 'java/io/FileNotFoundException'> (0x00000000eb41c618) thrown at [C:\re\workspace\8-2-build-windows-amd64-cygwin\jdk8u66\5298\hotspot\src\share\vm\prims\jni.cpp, line 709]
Event: 0.204 Thread 0x000000000215e000 Exception <a 'java/lang/NoSuchFieldError': method resolution failed> (0x00000000eb4ea890) thrown at [C:\re\workspace\8-2-build-windows-amd64-cygwin\jdk8u66\5298\hotspot\src\share\vm\prims\methodHandles.cpp, line 1146]
Event: 0.206 Thread 0x000000000215e000 Exception <a 'java/lang/NoSuchFieldError': method resolution failed> (0x00000000eb4f7c60) thrown at [C:\re\workspace\8-2-build-windows-amd64-cygwin\jdk8u66\5298\hotspot\src\share\vm\prims\methodHandles.cpp, line 1146]
Event: 0.266 Thread 0x000000000215e000 Exception <a 'java/io/FileNotFoundException'> (0x00000000eb5fb9f8) thrown at [C:\re\workspace\8-2-build-windows-amd64-cygwin\jdk8u66\5298\hotspot\src\share\vm\prims\jni.cpp, line 709]

Events (10 events):
Event: 1.405 loading class org/bytedeco/javacpp/opencv_ml$DTrees$Node
Event: 1.405 loading class org/bytedeco/javacpp/opencv_ml$DTrees$Node done
Event: 1.405 loading class org/bytedeco/javacpp/opencv_ml$ParamGrid
Event: 1.405 loading class org/bytedeco/javacpp/opencv_ml$ParamGrid done
Event: 1.406 loading class org/bytedeco/javacpp/opencv_ml$TrainData
Event: 1.406 loading class org/bytedeco/javacpp/opencv_ml$TrainData done
Event: 1.464 loading class org/bytedeco/javacpp/helper/opencv_core$AbstractCvFileStorage$ReleaseDeallocator
Event: 1.464 loading class org/bytedeco/javacpp/helper/opencv_core$AbstractCvFileStorage$ReleaseDeallocator done
Event: 1.465 loading class org/bytedeco/javacpp/Pointer$1
Event: 1.465 loading class org/bytedeco/javacpp/Pointer$1 done


Dynamic libraries:
0x00007ff653ca0000 - 0x00007ff653cd7000 	C:\Program Files\Java\jre1.8.0_66\bin\javaw.exe
0x00007ff97bed0000 - 0x00007ff97c091000 	C:\WINDOWS\SYSTEM32\ntdll.dll
0x00007ff97a8a0000 - 0x00007ff97a94d000 	C:\WINDOWS\system32\KERNEL32.DLL
0x00007ff978f30000 - 0x00007ff979118000 	C:\WINDOWS\system32\KERNELBASE.dll
0x00007ff97a2f0000 - 0x00007ff97a397000 	C:\WINDOWS\system32\ADVAPI32.dll
0x00007ff979440000 - 0x00007ff9794dd000 	C:\WINDOWS\system32\msvcrt.dll
0x00007ff979b20000 - 0x00007ff979b7b000 	C:\WINDOWS\system32\sechost.dll
0x00007ff97a600000 - 0x00007ff97a71c000 	C:\WINDOWS\system32\RPCRT4.dll
0x00007ff9792d0000 - 0x00007ff979426000 	C:\WINDOWS\system32\USER32.dll
0x00007ff97a470000 - 0x00007ff97a5f6000 	C:\WINDOWS\system32\GDI32.dll
0x00007ff971da0000 - 0x00007ff972014000 	C:\WINDOWS\WinSxS\amd64_microsoft.windows.common-controls_6595b64144ccf1df_6.0.10586.0_none_8c15ae12515e1c22\COMCTL32.dll
0x00007ff9798a0000 - 0x00007ff979b1d000 	C:\WINDOWS\system32\combase.dll
0x00007ff979260000 - 0x00007ff9792ca000 	C:\WINDOWS\system32\bcryptPrimitives.dll
0x00007ff97a720000 - 0x00007ff97a75b000 	C:\WINDOWS\system32\IMM32.DLL
0x000000006fe10000 - 0x000000006fee2000 	C:\Program Files\Java\jre1.8.0_66\bin\msvcr100.dll
0x000000006f0d0000 - 0x000000006f959000 	C:\Program Files\Java\jre1.8.0_66\bin\server\jvm.dll
0x00007ff97bec0000 - 0x00007ff97bec8000 	C:\WINDOWS\system32\PSAPI.DLL
0x00007ff969020000 - 0x00007ff969029000 	C:\WINDOWS\SYSTEM32\WSOCK32.dll
0x00007ff976bf0000 - 0x00007ff976c13000 	C:\WINDOWS\SYSTEM32\WINMM.dll
0x00007ff97a830000 - 0x00007ff97a89b000 	C:\WINDOWS\system32\WS2_32.dll
0x00007ff974220000 - 0x00007ff97422a000 	C:\WINDOWS\SYSTEM32\VERSION.dll
0x00007ff976b90000 - 0x00007ff976bbc000 	C:\WINDOWS\SYSTEM32\WINMMBASE.dll
0x00007ff978ee0000 - 0x00007ff978f23000 	C:\WINDOWS\system32\cfgmgr32.dll
0x000000006efe0000 - 0x000000006efef000 	C:\Program Files\Java\jre1.8.0_66\bin\verify.dll
0x000000006efb0000 - 0x000000006efd9000 	C:\Program Files\Java\jre1.8.0_66\bin\java.dll
0x000000006ef90000 - 0x000000006efa6000 	C:\Program Files\Java\jre1.8.0_66\bin\zip.dll
0x00007ff97a960000 - 0x00007ff97bebf000 	C:\WINDOWS\system32\SHELL32.dll
0x00007ff978630000 - 0x00007ff978c74000 	C:\WINDOWS\system32\windows.storage.dll
0x00007ff979d10000 - 0x00007ff979d62000 	C:\WINDOWS\system32\shlwapi.dll
0x00007ff978540000 - 0x00007ff97854f000 	C:\WINDOWS\system32\kernel.appcore.dll
0x00007ff9791a0000 - 0x00007ff979255000 	C:\WINDOWS\system32\shcore.dll
0x00007ff9784f0000 - 0x00007ff97853b000 	C:\WINDOWS\system32\powrprof.dll
0x00007ff978560000 - 0x00007ff978574000 	C:\WINDOWS\system32\profapi.dll
0x000000006e980000 - 0x000000006eb18000 	C:\Program Files\Java\jre1.8.0_66\bin\awt.dll
0x00007ff97a760000 - 0x00007ff97a821000 	C:\WINDOWS\system32\OLEAUT32.dll
0x00007ff976c50000 - 0x00007ff976cc9000 	C:\WINDOWS\system32\apphelp.dll
0x00007ff976dc0000 - 0x00007ff976e56000 	C:\WINDOWS\system32\uxtheme.dll
0x00007ff979740000 - 0x00007ff97989a000 	C:\WINDOWS\system32\MSCTF.dll
0x00007ff962ba0000 - 0x00007ff962c43000 	C:\Program Files\Common Files\microsoft shared\ink\tiptsf.dll
0x00007ff975700000 - 0x00007ff975722000 	C:\WINDOWS\system32\dwmapi.dll
0x00007ff979d70000 - 0x00007ff979eb3000 	C:\WINDOWS\system32\ole32.dll
0x00007ff963630000 - 0x00007ff96371f000 	C:\Users\jraqu\AppData\Local\Temp\javacpp11469951850299\msvcr120.dll
0x00007ff9633e0000 - 0x00007ff963486000 	C:\Users\jraqu\AppData\Local\Temp\javacpp11469951850299\msvcp120.dll
0x00007ff95bc40000 - 0x00007ff95bec1000 	C:\Users\jraqu\AppData\Local\Temp\javacpp11469951850299\opencv_core300.dll
0x00007ff9571e0000 - 0x00007ff95755f000 	C:\Users\jraqu\AppData\Local\Temp\javacpp11469951850299\opencv_imgproc300.dll
0x00007ff962c90000 - 0x00007ff962e48000 	C:\Users\jraqu\AppData\Local\Temp\javacpp11469951850299\jniopencv_core.dll
0x00007ff962f20000 - 0x00007ff962ff0000 	C:\Users\jraqu\AppData\Local\Temp\javacpp11469951850299\opencv_ml300.dll
0x00007ff96ede0000 - 0x00007ff96ee0f000 	C:\Users\jraqu\AppData\Local\Temp\javacpp11469951850299\jniopencv_ml.dll
0x00007ff9561b0000 - 0x00007ff95633c000 	C:\WINDOWS\SYSTEM32\dbghelp.dll

VM Arguments:
jvm_args: -Dfile.encoding=UTF-8 
java_command: org.cehci.harvic.Driver
java_class_path (initial): C:\Users\jraqu\workspace\HARVIC\target\classes;C:\Users\jraqu\.m2\repository\com\github\sarxos\webcam-capture\0.3.10\webcam-capture-0.3.10.jar;C:\Users\jraqu\.m2\repository\com\nativelibs4java\bridj\0.6.2\bridj-0.6.2.jar;C:\Users\jraqu\.m2\repository\org\slf4j\slf4j-api\1.7.2\slf4j-api-1.7.2.jar;C:\Users\jraqu\.m2\repository\org\slf4j\slf4j-log4j12\1.7.12\slf4j-log4j12-1.7.12.jar;C:\Users\jraqu\.m2\repository\log4j\log4j\1.2.17\log4j-1.2.17.jar;C:\Users\jraqu\.m2\repository\org\bytedeco\javacv\1.1\javacv-1.1.jar;C:\Users\jraqu\.m2\repository\org\bytedeco\javacpp\1.1\javacpp-1.1.jar;C:\Users\jraqu\.m2\repository\org\bytedeco\javacpp-presets\opencv\3.0.0-1.1\opencv-3.0.0-1.1.jar;C:\Users\jraqu\.m2\repository\org\bytedeco\javacpp-presets\opencv\3.0.0-1.1\opencv-3.0.0-1.1-windows-x86_64.jar;C:\Users\jraqu\.m2\repository\org\bytedeco\javacpp-presets\ffmpeg\2.8.1-1.1\ffmpeg-2.8.1-1.1.jar;C:\Users\jraqu\.m2\repository\org\bytedeco\javacpp-presets\ffmpeg\2.8.1-1.1\ffmpeg-2.8.1-1.1-windows-x86_64.jar;C:\Users\jraqu\.m2\repository\org\bytedeco\javacpp-presets\flycapture\2.8.3.1-1.1\flycapture-2.8.3.1-1.1.jar;C:\Users\jraqu\.m2\repository\org\bytedeco\javacpp-presets\flycapture\2.8.3.1-1.1\flycapture-2.8.3.1-1.1-windows-x86_64.jar;C:\Users\jraqu\.m2\repository\org\bytedeco\javacpp-presets\libdc1394\2.2.3-1.1\libdc1394-2.2.3-1.1.jar;C:\Users\jraqu\.m2\repository\org\bytedeco\javacpp-presets\libdc1394\2.2.3-1.1\libdc1394-2.2.3-1.1-windows-x86_64.jar;C:\Users\jraqu\.m2\repository\org\bytedeco\javacpp-presets\libfreenect\0.5.3-1.1\libfreenect-0.5.3-1.1.jar;C:\Users\jraqu\.m2\repository\org\bytedeco\javacpp-presets\libfreenect\0.5.3-1.1\libfreenect-0.5.3-1.1-windows-x86_64.jar;C:\Users\jraqu\.m2\repository\org\bytedeco\javacpp-presets\videoinput\0.200-1.1\videoinput-0.200-1.1.jar;C:\Users\jraqu\.m2\repository\org\bytedeco\javacpp-presets\videoinput\0.200-1.1\videoinput-0.200-1.1-windows-x86_64.jar;C:\Users\jraqu\.m2\repository\org\bytedeco\javacpp-prese
Launcher Type: SUN_STANDARD

Environment Variables:
JAVA_HOME=C:\Program Files\Java\jdk1.8.0_51
PATH=C:/Program Files/Java/jre1.8.0_66/bin/server;C:/Program Files/Java/jre1.8.0_66/bin;C:/Program Files/Java/jre1.8.0_66/lib/amd64;C:\Program Files (x86)\NVIDIA Corporation\PhysX\Common;C:\ProgramData\Oracle\Java\javapath;C:\WINDOWS\system32;C:\WINDOWS;C:\WINDOWS\System32\Wbem;C:\WINDOWS\System32\WindowsPowerShell\v1.0\;C:\Program Files\Java\jdk1.8.0_51\bin;C:\Program Files\Git\cmd;C:\Users\jraqu\Apache\Maven\apache-maven-3.3.3\bin;C:\Program Files\Git\usr\bin;C:\xampp\php;C:\ProgramData\ComposerSetup\bin;C:\Users\jraqu\AppData\Roaming\Composer\vendor\bin;C:\Program Files\nodejs\;C:\Program Files\Addinsoft\XLSTAT;C:\Program Files (x86)\OpenVPN\bin;C:\Ruby193\bin;C:\Users\jraqu\AppData\Roaming\npm;C:\Users\jraqu\Eclipse;
USERNAME=jraqu
OS=Windows_NT
PROCESSOR_IDENTIFIER=Intel64 Family 6 Model 69 Stepping 1, GenuineIntel



---------------  S Y S T E M  ---------------

OS: Windows 10.0 , 64 bit Build 10586 (10.0.10586.0)

CPU:total 4 (2 cores per cpu, 2 threads per core) family 6 model 69 stepping 1, cmov, cx8, fxsr, mmx, sse, sse2, sse3, ssse3, sse4.1, sse4.2, popcnt, avx, avx2, aes, clmul, erms, lzcnt, ht, tsc, tscinvbit, bmi1, bmi2

Memory: 4k page, physical 4104472k(981132k free), swap 5284120k(839040k free)

vm_info: Java HotSpot(TM) 64-Bit Server VM (25.66-b18) for windows-amd64 JRE (1.8.0_66-b18), built on Nov  9 2015 10:51:13 by "java_re" with MS VC++ 10.0 (VS2010)

time: Wed Jan 13 14:00:37 2016
elapsed time: 1 seconds (0d 0h 0m 1s)

